C:\USERS\PATRICK\DESKTOP\SVN\PCHIANG\BACKEND\SIMPLECHATRESOURCES\DEBUG\SIMPLECHATRESOURCES.PCH
C:\USERS\PATRICK\DESKTOP\SVN\PCHIANG\BACKEND\SIMPLECHATRESOURCES\DEBUG\STDAFX.OBJ
C:\USERS\PATRICK\DESKTOP\SVN\PCHIANG\BACKEND\SIMPLECHATRESOURCES\DEBUG\VC110.PDB
C:\USERS\PATRICK\DESKTOP\SVN\PCHIANG\BACKEND\SIMPLECHATRESOURCES\DEBUG\DLLMAIN.OBJ
C:\USERS\PATRICK\DESKTOP\SVN\PCHIANG\BACKEND\SIMPLECHATRESOURCES\DEBUG\SIMPLECHATRESOURCES.OBJ
C:\USERS\PATRICK\DESKTOP\SVN\PCHIANG\BIN\DEBUG\SIMPLECHATRESOURCES.ILK
C:\USERS\PATRICK\DESKTOP\SVN\PCHIANG\BIN\DEBUG\SIMPLECHATRESOURCES.DLL
C:\USERS\PATRICK\DESKTOP\SVN\PCHIANG\BIN\DEBUG\SIMPLECHATRESOURCES.PDB
C:\USERS\PATRICK\DESKTOP\SVN\PCHIANG\BACKEND\SIMPLECHATRESOURCES\DEBUG\SIMPLECHATRESOURCES.RES
C:\Users\Patrick\Desktop\SVN\pchiang\Backend\SimpleChatResources\Debug\dllmain.obj
C:\Users\Patrick\Desktop\SVN\pchiang\Backend\SimpleChatResources\Debug\SimpleChatResources.obj
C:\Users\Patrick\Desktop\SVN\pchiang\Backend\SimpleChatResources\Debug\stdafx.obj
C:\Users\Patrick\Desktop\SVN\pchiang\Backend\SimpleChatResources\Debug\cl.command.1.tlog
C:\Users\Patrick\Desktop\SVN\pchiang\Backend\SimpleChatResources\Debug\CL.read.1.tlog
C:\Users\Patrick\Desktop\SVN\pchiang\Backend\SimpleChatResources\Debug\CL.write.1.tlog
C:\Users\Patrick\Desktop\SVN\pchiang\Backend\SimpleChatResources\Debug\link-cvtres.read.1.tlog
C:\Users\Patrick\Desktop\SVN\pchiang\Backend\SimpleChatResources\Debug\link-cvtres.write.1.tlog
C:\Users\Patrick\Desktop\SVN\pchiang\Backend\SimpleChatResources\Debug\link-rc.read.1.tlog
C:\Users\Patrick\Desktop\SVN\pchiang\Backend\SimpleChatResources\Debug\link-rc.write.1.tlog
C:\Users\Patrick\Desktop\SVN\pchiang\Backend\SimpleChatResources\Debug\link.command.1.tlog
C:\Users\Patrick\Desktop\SVN\pchiang\Backend\SimpleChatResources\Debug\link.read.1.tlog
C:\Users\Patrick\Desktop\SVN\pchiang\Backend\SimpleChatResources\Debug\link.write.1.tlog
C:\Users\Patrick\Desktop\SVN\pchiang\Backend\SimpleChatResources\Debug\rc.command.1.tlog
C:\Users\Patrick\Desktop\SVN\pchiang\Backend\SimpleChatResources\Debug\rc.read.1.tlog
C:\Users\Patrick\Desktop\SVN\pchiang\Backend\SimpleChatResources\Debug\rc.write.1.tlog
C:\Users\Patrick\Desktop\SVN\pchiang\Backend\SimpleChatResources\Debug\SimpleChatResources.res
C:\Users\Patrick\Desktop\SVN\pchiang\Backend\SimpleChatResources\Debug\SimpleChatResources.pch
C:\Users\Patrick\Desktop\SVN\pchiang\Backend\SimpleChatResources\Debug\vc110.idb
C:\Users\Patrick\Desktop\SVN\pchiang\Backend\SimpleChatResources\Debug\vc110.pdb
C:\Users\Patrick\Desktop\SVN\pchiang\Backend\..\bin\Debug\SimpleChatResources.pdb
C:\Users\Patrick\Desktop\SVN\pchiang\Backend\..\bin\Debug\SimpleChatResources.dll
C:\Users\Patrick\Desktop\SVN\pchiang\Backend\..\bin\Debug\SimpleChatResources.ilk
