Build started 7/24/2013 2:06:55 PM.
     1>Project "C:\Users\Patrick\Desktop\SVN\pchiang\Backend\SimpleChatResources\SimpleChatResources.vcxproj" on node 2 (Rebuild target(s)).
     1>ClCompile:
         C:\Program Files (x86)\Microsoft Visual Studio 11.0\VC\bin\CL.exe /c /ZI /nologo /W3 /WX- /Od /Oy- /D WIN32 /D _DEBUG /D _WINDOWS /D _USRDLL /D SIMPLECHATRESOURCES_EXPORTS /D _WINDLL /D _UNICODE /D UNICODE /Gm /EHsc /RTC1 /MDd /GS /fp:precise /Zc:wchar_t /Zc:forScope /Yc"stdafx.h" /Fp"Debug\SimpleChatResources.pch" /Fo"Debug\\" /Fd"Debug\vc110.pdb" /Gd /TP /analyze- /errorReport:prompt stdafx.cpp
         stdafx.cpp
         C:\Program Files (x86)\Microsoft Visual Studio 11.0\VC\bin\CL.exe /c /ZI /nologo /W3 /WX- /Od /Oy- /D WIN32 /D _DEBUG /D _WINDOWS /D _USRDLL /D SIMPLECHATRESOURCES_EXPORTS /D _WINDLL /D _UNICODE /D UNICODE /Gm /EHsc /RTC1 /MDd /GS /fp:precise /Zc:wchar_t /Zc:forScope /Fo"Debug\\" /Fd"Debug\vc110.pdb" /Gd /TP /analyze- /errorReport:prompt dllmain.cpp
         dllmain.cpp
         C:\Program Files (x86)\Microsoft Visual Studio 11.0\VC\bin\CL.exe /c /ZI /nologo /W3 /WX- /Od /Oy- /D WIN32 /D _DEBUG /D _WINDOWS /D _USRDLL /D SIMPLECHATRESOURCES_EXPORTS /D _WINDLL /D _UNICODE /D UNICODE /Gm /EHsc /RTC1 /MDd /GS /fp:precise /Zc:wchar_t /Zc:forScope /Yu"stdafx.h" /Fp"Debug\SimpleChatResources.pch" /Fo"Debug\\" /Fd"Debug\vc110.pdb" /Gd /TP /analyze- /errorReport:prompt SimpleChatResources.cpp
         SimpleChatResources.cpp
       ResourceCompile:
         C:\Program Files (x86)\Windows Kits\8.0\bin\x86\rc.exe /D _UNICODE /D UNICODE /l"0x0409" /nologo /fo"Debug\SimpleChatResources.res" SimpleChatResources.rc 
       Link:
         C:\Program Files (x86)\Microsoft Visual Studio 11.0\VC\bin\link.exe /ERRORREPORT:PROMPT /OUT:"C:\Users\Patrick\Desktop\SVN\pchiang\Backend\..\bin\Debug\SimpleChatResources.dll" /INCREMENTAL /NOLOGO kernel32.lib user32.lib gdi32.lib winspool.lib comdlg32.lib advapi32.lib shell32.lib ole32.lib oleaut32.lib uuid.lib odbc32.lib odbccp32.lib /MANIFEST /MANIFESTUAC:"level='asInvoker' uiAccess='false'" /manifest:embed /DEBUG /PDB:"C:\Users\Patrick\Desktop\SVN\pchiang\Backend\..\bin\Debug\SimpleChatResources.pdb" /SUBSYSTEM:WINDOWS /TLBID:1 /DYNAMICBASE /NXCOMPAT /IMPLIB:"C:\Users\Patrick\Desktop\SVN\pchiang\Backend\..\bin\Debug\SimpleChatResources.lib" /MACHINE:X86 /SAFESEH /NOENTRY /DLL Debug\SimpleChatResources.res
         Debug\dllmain.obj
         Debug\SimpleChatResources.obj
         Debug\stdafx.obj
     1>dllmain.obj : warning LNK4075: ignoring '/EDITANDCONTINUE' due to '/SAFESEH' specification
         SimpleChatResources.vcxproj -> C:\Users\Patrick\Desktop\SVN\pchiang\Backend\..\bin\Debug\SimpleChatResources.dll
     1>Done Building Project "C:\Users\Patrick\Desktop\SVN\pchiang\Backend\SimpleChatResources\SimpleChatResources.vcxproj" (Rebuild target(s)).

Build succeeded.

Time Elapsed 00:00:05.61
